[2018/11/02 15:26:43] [INFO]  [ 已加载路由:
 [
  "/",
  "/"
] ]  5196
[2018/11/02 15:27:20] [INFO]  [ 已加载路由:
 [
  "/",
  "/user"
] ]  1268
[2018/11/02 15:28:21] [INFO]  [ 已加载路由:
 [
  "/",
  "/user"
] ]  10776
[2018/11/02 15:28:21] [INFO]  [ Web服务启动完成，端口:3000 ]  10776
[2018/11/02 15:29:57] [INFO]  [ 已加载路由:
 [
  "/",
  "/user"
] ]  8188
[2018/11/02 15:32:28] [INFO]  [ Web服务启动完成，端口:3000 ]  8188
[2018/11/02 15:32:31] [INFO]  [ 已加载路由:
 [
  "/",
  "/user"
] ]  11128
[2018/11/02 15:32:31] [INFO]  [ Web服务启动完成，port 3000 ]  11128
[2018/11/02 15:33:13] [INFO]  [ 已加载路由:
 [
  "/",
  "/user"
] ]  6696
[2018/11/02 15:33:13] [INFO]  [ Web服务启动完成，地址:NaN 端口:3000 ]  6696
[2018/11/02 15:33:20] [INFO]  [ 已加载路由:
 [
  "/",
  "/user"
] ]  3104
[2018/11/02 15:33:33] [INFO]  [ Web服务启动完成，地址:NaN 端口:3000 ]  3104
[2018/11/02 15:33:41] [INFO]  [ 已加载路由:
 [
  "/",
  "/user"
] ]  11140
[2018/11/02 15:33:43] [INFO]  [ Web服务启动完成，地址::: 端口:3000 ]  11140
[2018/11/02 15:34:38] [INFO]  [ 已加载路由:
 [
  "/",
  "/user"
] ]  5912
[2018/11/02 15:34:38] [INFO]  [ Web服务启动完成,端口:3000 ]  5912
[2018/11/02 15:34:44] [INFO]  [ :sessionId, 17ms, [/] ]  5912
[2018/11/02 15:53:42] [INFO]  [ :sessionId, 13ms, [/] ]  5912
[2018/11/02 15:55:19] [INFO]  [ :sessionId, 4ms, [/] ]  5912
